android-app/app/build/outputs/mapping/release/seeds.txt
com.packethunter.mobile.data.PacketDao$DefaultImpls
com.packethunter.mobile.data.FilterPresetDao
com.packethunter.mobile.data.RuleDao_Impl$8
com.packethunter.mobile.MainActivity
com.packethunter.mobile.data.AlertDao_Impl$3
com.packethunter.mobile.data.FilterPresetDao_Impl$5
com.packethunter.mobile.data.PacketDatabase_Impl
com.packethunter.mobile.data.PacketDao_Impl$8
com.packethunter.mobile.data.AlertDao_Impl
com.packethunter.mobile.data.PacketDao
com.packethunter.mobile.data.RuleDao_Impl$2
com.packethunter.mobile.data.QuickFilter
com.packethunter.mobile.data.PacketDao_Impl$12
com.packethunter.mobile.data.PacketDao_Impl$11
com.packethunter.mobile.data.AlertDao_Impl$2
com.packethunter.mobile.data.FilterPresetDao_Impl$7
com.packethunter.mobile.data.PacketDao_Impl$10
com.packethunter.mobile.data.PacketDatabase_Impl$1
com.packethunter.mobile.capture.NativePacketParser
com.packethunter.mobile.data.PacketDao_Impl
com.packethunter.mobile.data.CaptureStats
com.packethunter.mobile.data.Alert
com.packethunter.mobile.data.RuleDao_Impl$4
com.packethunter.mobile.data.RuleDao_Impl$13
com.packethunter.mobile.data.PacketDao_Impl$6
com.packethunter.mobile.data.PacketDao_Impl$17
com.packethunter.mobile.data.RuleDao
com.packethunter.mobile.data.PacketDao_Impl$20
com.packethunter.mobile.data.FilterPresetDao_Impl$4
com.packethunter.mobile.data.RuleDao_Impl$11
com.packethunter.mobile.data.PacketDao_Impl$19
com.packethunter.mobile.data.RuleDao_Impl$9
com.packethunter.mobile.data.ExportFormat
com.packethunter.mobile.data.PacketDao_Impl$14
com.packethunter.mobile.data.DetectionRule
com.packethunter.mobile.data.RuleDao_Impl$7
com.packethunter.mobile.data.TalkerStats
com.packethunter.mobile.data.FilterField
com.packethunter.mobile.data.FilterPresetDao_Impl$9
com.packethunter.mobile.data.AlertDao_Impl$9
com.packethunter.mobile.data.PacketDao_Impl$13
com.packethunter.mobile.data.PacketDatabase
com.packethunter.mobile.data.AlertDao_Impl$11
com.packethunter.mobile.data.Converters
com.packethunter.mobile.data.PacketDao_Impl$15
com.packethunter.mobile.data.RuleDao_Impl$12
com.packethunter.mobile.data.RuleDao_Impl$3
com.packethunter.mobile.data.RuleDao_Impl$5
com.packethunter.mobile.data.FilterPresetDao_Impl
com.packethunter.mobile.data.RuleDao_Impl$1
com.packethunter.mobile.data.AlertDao_Impl$1
com.packethunter.mobile.data.FilterPresetDao_Impl$1
com.packethunter.mobile.data.SecurityFilter
com.packethunter.mobile.data.AlertDao_Impl$8
com.packethunter.mobile.data.ProtocolCount
com.packethunter.mobile.data.RuleDao_Impl$6
com.packethunter.mobile.data.AlertDao
com.packethunter.mobile.data.AlertDao_Impl$10
com.packethunter.mobile.data.FilterOperator
com.packethunter.mobile.data.PacketDao_Impl$18
com.packethunter.mobile.data.PacketDao_Impl$16
com.packethunter.mobile.data.AlertDao_Impl$4
com.packethunter.mobile.data.AlertDao_Impl$5
com.packethunter.mobile.data.ActiveFilters
com.packethunter.mobile.data.PacketDao_Impl$9
com.packethunter.mobile.data.FilterPreset
com.packethunter.mobile.data.PacketDao_Impl$4
com.packethunter.mobile.data.AlertDao_Impl$6
com.packethunter.mobile.data.AppTalker
com.packethunter.mobile.data.PacketDao_Impl$5
com.packethunter.mobile.data.RuleDao_Impl$10
com.packethunter.mobile.data.SuspiciousTrafficAlert
com.packethunter.mobile.data.FilterPresetDao_Impl$8
com.packethunter.mobile.data.FilterPresetDao_Impl$10
com.packethunter.mobile.data.RuleDao_Impl
com.packethunter.mobile.data.AlertDao_Impl$7
com.packethunter.mobile.data.FilterRule
com.packethunter.mobile.ui.MainViewModel
com.packethunter.mobile.data.FilterPresetDao_Impl$6
com.packethunter.mobile.data.PacketDatabase$Companion
com.packethunter.mobile.data.IpTalker
com.packethunter.mobile.data.PacketDao_Impl$1
com.packethunter.mobile.data.FilterPresetDao_Impl$2
com.packethunter.mobile.capture.PacketCaptureService
com.packethunter.mobile.data.PacketDao_Impl$3
com.packethunter.mobile.data.PacketInfo
com.packethunter.mobile.data.AlertDao_Impl$12
com.packethunter.mobile.data.PacketDao_Impl$2
...
androidx.compose.ui.layout.IntrinsicMinMax: androidx.compose.ui.layout.IntrinsicMinMax[] values()
com.google.gson.internal.bind.JsonAdapterAnnotationTypeAdapterFactory: com.google.gson.TypeAdapter create(com.google.gson.Gson,com.google.gson.reflect.TypeToken)
androidx.compose.ui.autofill.AutofillType: androidx.compose.ui.autofill.AutofillType[] values()
com.google.gson.internal.sql.SqlTimeTypeAdapter$1: com.google.gson.TypeAdapter create(com.google.gson.Gson,com.google.gson.reflect.TypeToken)
androidx.lifecycle.ProcessLifecycleOwner$attach$1: ProcessLifecycleOwner$attach$1(androidx.lifecycle.ProcessLifecycleOwner)
androidx.compose.ui.window.SecureFlagPolicy: androidx.compose.ui.window.SecureFlagPolicy[] values()
androidx.appcompat.widget.DialogTitle: DialogTitle(android.content.Context,android.util.AttributeSet)
com.google.gson.internal.$Gson$Types$WildcardTypeImpl: java.lang.reflect.Type[] getLowerBounds()
androidx.core.os.LocaleListCompat$Api24Impl: android.os.LocaleList createLocaleList(java.util.Locale[])
com.google.gson.internal.bind.TypeAdapters$22: java.lang.Object read(com.google.gson.stream.JsonReader)
com.google.gson.stream.JsonWriter: com.google.gson.stream.JsonWriter jsonValue(java.lang.String)
com.google.gson.internal.bind.util.ISO8601Utils: java.util.Date parse(java.lang.String,java.text.ParsePosition)
com.google.gson.FieldNamingPolicy$2: FieldNamingPolicy$2(java.lang.String,int)
androidx.core.view.ViewCompat$Api21Impl: void setOnApplyWindowInsetsListener(android.view.View,androidx.core.view.OnApplyWindowInsetsListener)
androidx.room.EntityDeletionOrUpdateAdapter: int handleMultiple(java.lang.Iterable)
androidx.compose.ui.window.PopupLayout: void setIsFocusable(boolean)
androidx.room.SharedSQLiteStatement: void release(androidx.sqlite.db.SupportSQLiteStatement)
com.google.gson.internal.$Gson$Types: java.lang.reflect.Type resolve(java.lang.reflect.Type,java.lang.Class,java.lang.reflect.Type,java.util.Map)
androidx.appcompat.widget.Toolbar: void setCollapseContentDescription(java.lang.CharSequence)
com.google.gson.JsonObject: int hashCode()
androidx.appcompat.widget.ActionBarOverlayLayout: int getActionBarHideOffset()
androidx.appcompat.widget.ActionBarContextView: int getAnimatedVisibility()
androidx.core.widget.TextViewCompat$Api16Impl: boolean getIncludeFontPadding(android.widget.TextView)
com.google.gson.ToNumberPolicy: ToNumberPolicy(java.lang.String,int)
com.google.gson.Gson: com.google.gson.TypeAdapter atomicLongArrayAdapter(com.google.gson.TypeAdapter)
androidx.core.widget.TextViewCompat$Api16Impl: int getMinLines(android.widget.TextView)
androidx.compose.ui.platform.AbstractComposeView: void getDisposeViewCompositionStrategy$annotations()
com.google.gson.FieldAttributes: java.lang.String getName()
androidx.compose.ui.viewinterop.AndroidViewHolder: androidx.compose.ui.Modifier getModifier()
com.google.gson.internal.bind.TypeAdapters$28: java.lang.Object read(com.google.gson.stream.JsonReader)
androidx.core.view.WindowInsetsCompat$Impl: androidx.core.view.WindowInsetsCompat consumeStableInsets()
androidx.compose.ui.platform.AndroidComposeView: androidx.compose.ui.platform.AndroidComposeView$ViewTreeOwners get_viewTreeOwners()
com.google.gson.internal.bind.JsonTreeReader: java.lang.String nextName(boolean)
androidx.core.widget.TextViewCompat$Api28Impl: java.lang.CharSequence castToCharSequence(android.text.PrecomputedText)
androidx.appcompat.widget.ButtonBarLayout: ButtonBarLayout(android.content.Context,android.util.AttributeSet)
androidx.core.view.accessibility.AccessibilityNodeInfoCompat$Api34Impl: void setRequestInitialAccessibilityFocus(android.view.accessibility.AccessibilityNodeInfo,boolean)
com.google.gson.internal.bind.TypeAdapters$6: void write(com.google.gson.stream.JsonWriter,java.lang.Object)
androidx.appcompat.widget.Toolbar: void setLogoDescription(java.lang.CharSequence)
androidx.compose.material3.TabSlots: androidx.compose.material3.TabSlots[] values()