android-app/app/build/outputs/mapping/release/usage.txt
com.packethunter.mobile.R$color
com.packethunter.mobile.R$drawable
com.packethunter.mobile.R$mipmap
com.packethunter.mobile.R$string
com.packethunter.mobile.R$style
com.packethunter.mobile.R$xml
com.packethunter.mobile.R
com.packethunter.mobile.capture.AppTracker$AppStats:
    public void <init>()
    public final int component1()
    public final int component2()
    public final long component3()
    public final long component4()
    public final java.util.Set component5()
    public final java.util.Set component6()
    public final com.packethunter.mobile.capture.AppTracker$AppStats copy(int,int,long,long,java.util.Set,java.util.Set)
    public static synthetic com.packethunter.mobile.capture.AppTracker$AppStats copy$default(com.packethunter.mobile.capture.AppTracker$AppStats,int,int,long,long,java.util.Set,java.util.Set,int,java.lang.Object)
com.packethunter.mobile.capture.AppTracker$TrafficSnapshot:
    public static final int $stable
    public final long component1()
    public final long component2()
    public final long component3()
    public final com.packethunter.mobile.capture.AppTracker$TrafficSnapshot copy(long,long,long)
    public static synthetic com.packethunter.mobile.capture.AppTracker$TrafficSnapshot copy$default(com.packethunter.mobile.capture.AppTracker$TrafficSnapshot,long,long,long,int,java.lang.Object)
    public final long getTimestamp()
com.packethunter.mobile.capture.AppTracker:
    private static final java.lang.String TAG
    public final void clear()
com.packethunter.mobile.capture.DetectionEngine:
    private static final java.lang.String TAG
    public static final synthetic java.lang.Object access$checkRule(com.packethunter.mobile.capture.DetectionEngine,com.packethunter.mobile.data.DetectionRule,com.packethunter.mobile.data.PacketInfo,kotlin.coroutines.Continuation)
    public static final synthetic java.lang.Object access$triggerAlert(com.packethunter.mobile.capture.DetectionEngine,com.packethunter.mobile.data.DetectionRule,com.packethunter.mobile.data.PacketInfo,java.lang.String,kotlin.coroutines.Continuation)
com.packethunter.mobile.capture.NativePacketParser:
    public static final int $stable
com.packethunter.mobile.capture.NetworkStatsTracker$AppUsageData:
    public void <init>()
    public final long component1()
    public final long component2()
    public final long component3()
    public final long component4()
    public final long component5()
    public final com.packethunter.mobile.capture.NetworkStatsTracker$AppUsageData copy(long,long,long,long,long)
    public static synthetic com.packethunter.mobile.capture.NetworkStatsTracker$AppUsageData copy$default(com.packethunter.mobile.capture.NetworkStatsTracker$AppUsageData,long,long,long,long,long,int,java.lang.Object)
com.packethunter.mobile.capture.NetworkStatsTracker:
    private static final long QUERY_INTERVAL_MS
    private static final java.lang.String TAG
    public final void clear()
    public final android.content.Intent getUsageStatsPermissionIntent()
    public final boolean hasUsageStatsPermission()
com.packethunter.mobile.capture.PacketCaptureService:
    public static final java.lang.String ACTION_START
    public static final java.lang.String ACTION_STOP
    private static final int BUFFER_SIZE
    private static final java.lang.String CHANNEL_ID
    private static final int MTU_SIZE
    private static final int NOTIFICATION_ID
    private static final java.lang.String TAG
    public final kotlin.Pair getForwardingStats()
com.packethunter.mobile.capture.PacketProcessor:
    private static final long BROADCAST_INTERVAL_MS
    private static final long STATS_UPDATE_INTERVAL_MS
    private static final java.lang.String TAG
    public synthetic void <init>(com.packethunter.mobile.data.PacketDatabase,com.packethunter.mobile.capture.NativePacketParser,com.packethunter.mobile.capture.AppTracker,com.packethunter.mobile.capture.NetworkStatsTracker,int,kotlin.jvm.internal.DefaultConstructorMarker)
...
com.google.android.gms.internal.maps.zzr:
    public abstract int zzi()
    public abstract boolean zzz()
com.google.android.gms.internal.maps.zzs:
    public final int zzf()
    public final boolean zzh()
com.google.android.gms.internal.maps.zzt
com.google.android.gms.internal.maps.zzu:
    public abstract int zzf()
    public abstract boolean zzh()
com.google.android.gms.maps.CameraUpdate:
    public static com.google.android.gms.dynamic.IObjectWrapper zza()
com.google.android.gms.maps.GoogleMap$InfoWindowAdapter
com.google.android.gms.maps.GoogleMap$OnCameraIdleListener
com.google.android.gms.maps.GoogleMap$OnCameraMoveCanceledListener
com.google.android.gms.maps.GoogleMap$OnCameraMoveListener
com.google.android.gms.maps.GoogleMap$OnCameraMoveStartedListener
com.google.android.gms.maps.GoogleMap$OnCircleClickListener
com.google.android.gms.maps.GoogleMap$OnGroundOverlayClickListener
com.google.android.gms.maps.GoogleMap$OnIndoorStateChangeListener
com.google.android.gms.maps.GoogleMap$OnInfoWindowClickListener
com.google.android.gms.maps.GoogleMap$OnInfoWindowCloseListener
com.google.android.gms.maps.GoogleMap$OnInfoWindowLongClickListener
com.google.android.gms.maps.GoogleMap$OnMapClickListener
com.google.android.gms.maps.GoogleMap$OnMapLoadedCallback
com.google.android.gms.maps.GoogleMap$OnMapLongClickListener
com.google.android.gms.maps.GoogleMap$OnMarkerClickListener
com.google.android.gms.maps.GoogleMap$OnMarkerDragListener
com.google.android.gms.maps.GoogleMap$OnMyLocationButtonClickListener
com.google.android.gms.maps.GoogleMap$OnMyLocationClickListener
com.google.android.gms.maps.GoogleMap$OnPoiClickListener
com.google.android.gms.maps.GoogleMap$OnPolygonClickListener
com.google.android.gms.maps.GoogleMap$OnPolylineClickListener
com.google.android.gms.maps.GoogleMap:
    public final java.util.Map zzc
    public final java.util.Map zzd
    public static com.google.android.gms.maps.model.Marker addMarker()
    public static com.google.android.gms.maps.model.Polyline addPolyline()
    public static void clear()
    public static void setBuildingsEnabled()
    public static boolean setIndoorEnabled()
    public static void setInfoWindowAdapter()
    public static void setLatLngBoundsForCameraTarget()
    public static void setLocationSource()
    public static boolean setMapStyle()
    public static void setMapType()
    public static void setMaxZoomPreference()
    public static void setMinZoomPreference()
    public static void setMyLocationEnabled()
    public static void setOnCameraIdleListener()
    public static void setOnCameraMoveCanceledListener()
    public static void setOnCameraMoveListener()
    public static void setOnCameraMoveStartedListener()
    public static void setOnCircleClickListener()
    public static void setOnGroundOverlayClickListener()
    public static void setOnIndoorStateChangeListener()
    public static void setOnInfoWindowClickListener()
    public static void setOnInfoWindowCloseListener()
    public static void setOnInfoWindowLongClickListener()
    public static void setOnMapClickListener()
    public static void setOnMapLoadedCallback()
    public static void setOnMapLongClickListener()
    public static void setOnMarkerClickListener()
com.google.android.gms.maps.GoogleMapOptions:
    public static final java.lang.Integer zza
    public static java.lang.Integer getBackgroundColor()
    public static com.google.android.gms.maps.model.CameraPosition getCamera()
    public static com.google.android.gms.maps.model.LatLngBounds getLatLngBoundsForCameraTarget()
    public static java.lang.String getMapId()
    public static int getMapType()
    public static java.lang.Float getMaxZoomPreference()
    public static java.lang.Float getMinZoomPreference()
com.google.android.gms.maps.LocationSource$OnLocationChangedListener
com.google.android.gms.maps.LocationSource